<?xml version="1.0" encoding="UTF-8"?>
<!-- Generated by org.testng.reporters.JUnitReportReporter -->
<testsuite hostname="Vaishak" failures="0" tests="4" name="appium.appium" time="78.596" errors="0" timestamp="2024-05-02T10:54:11 IST" skipped="0">
  <testcase classname="appium.appium" name="demo" time="0.008"/>
  <system-out/>
  <testcase classname="appium.appium" name="config" time="78.577"/>
  <system-out/>
  <testcase classname="appium.appium" name="demo1" time="0.003"/>
  <system-out/>
  <testcase classname="appium.appium" name="demo13" time="0.008"/>
  <system-out/>
</testsuite> <!-- appium.appium -->
