<?xml version="1.0" encoding="UTF-8"?>
<!-- Generated by org.testng.reporters.JUnitReportReporter -->
<testsuite hostname="Vaishak" failures="0" tests="2" name="appium2.test" time="0.002" errors="0" timestamp="2024-04-30T12:41:06 IST" skipped="0">
  <testcase classname="appium2.test" name="demo1" time="0.001"/>
  <system-out/>
  <testcase classname="appium2.test" name="demo" time="0.001"/>
  <system-out/>
</testsuite> <!-- appium2.test -->
