<?xml version="1.0" encoding="UTF-8"?>
<!-- Generated by org.testng.reporters.JUnitReportReporter -->
<testsuite hostname="Vaishak" failures="0" tests="3" name="appium.day3" time="0.021" errors="0" timestamp="2024-04-30T21:10:31 IST" skipped="0">
  <testcase classname="appium.day3" name="demo" time="0.019"/>
  <system-out/>
  <testcase classname="appium.day3" name="demo13" time="0.001"/>
  <system-out/>
  <testcase classname="appium.day3" name="demo1" time="0.001"/>
  <system-out/>
</testsuite> <!-- appium.day3 -->
