<?xml version="1.0" encoding="UTF-8"?>
<!-- Generated by org.testng.reporters.JUnitReportReporter -->
<testsuite hostname="Vaishak" failures="0" tests="2" name="appium.test" time="0.004" errors="0" timestamp="2024-04-30T12:47:36 IST" skipped="0">
  <testcase classname="appium.test" name="demo1" time="0.002"/>
  <system-out/>
  <testcase classname="appium.test" name="demo" time="0.002"/>
  <system-out/>
</testsuite> <!-- appium.test -->
