<?xml version="1.0" encoding="UTF-8"?>
<!-- Generated by org.testng.reporters.JUnitReportReporter -->
<testsuite hostname="Vaishak" failures="0" tests="3" name="appium2.day3" time="0.012" errors="0" timestamp="2024-04-30T13:04:39 IST" skipped="0">
  <testcase classname="appium2.day3" name="demo" time="0.009"/>
  <system-out/>
  <testcase classname="appium2.day3" name="demo1" time="0.002"/>
  <system-out/>
  <testcase classname="appium2.day3" name="demo13" time="0.001"/>
  <system-out/>
</testsuite> <!-- appium2.day3 -->
