<?xml version="1.0" encoding="UTF-8"?>
<!-- Generated by org.testng.reporters.JUnitReportReporter -->
<testsuite hostname="Vaishak" failures="0" tests="1" name="appium2.day2" time="0.009" errors="0" timestamp="2024-04-30T12:49:34 IST" skipped="0">
  <testcase classname="appium2.day2" name="demo" time="0.009"/>
  <system-out/>
</testsuite> <!-- appium2.day2 -->
