<?xml version="1.0" encoding="UTF-8"?>
<!-- Generated by org.testng.reporters.JUnitReportReporter -->
<testsuite hostname="Vaishak" failures="0" tests="3" name="appium.day4Test" time="0.003" errors="0" timestamp="2024-04-30T21:28:13 IST" skipped="0">
  <testcase classname="appium.day4Test" name="demo1" time="0.001"/>
  <testcase classname="appium.day4Test" name="demo13" time="0.001"/>
  <testcase classname="appium.day4Test" name="demo" time="0.001"/>
</testsuite> <!-- appium.day4Test -->
