<?xml version="1.0" encoding="UTF-8"?>
<!-- Generated by org.testng.reporters.JUnitReportReporter -->
<testsuite hostname="Vaishak" failures="0" tests="2" name="appium.day2" time="0.013" errors="0" timestamp="2024-04-30T21:28:13 IST" skipped="0">
  <testcase classname="appium.day2" name="demo" time="0.011"/>
  <testcase classname="appium.day2" name="demo1" time="0.002"/>
</testsuite> <!-- appium.day2 -->
